TN:
SF:src\app.ts
FN:24,(anonymous_0)
FN:25,(anonymous_1)
FNF:2
FNH:1
FNDA:1,(anonymous_0)
FNDA:0,(anonymous_1)
DA:1,1
DA:2,1
DA:3,1
DA:4,1
DA:5,1
DA:7,1
DA:8,1
DA:11,1
DA:14,1
DA:15,1
DA:16,1
DA:19,1
DA:22,1
DA:24,1
DA:25,1
DA:26,0
DA:28,1
DA:32,1
LF:18
LH:17
BRDA:25,0,0,1
BRDA:25,0,1,0
BRDA:26,1,0,0
BRDA:26,1,1,0
BRF:4
BRH:1
end_of_record
TN:
SF:src\config\index.ts
FNF:0
FNH:0
DA:1,1
DA:4,1
DA:10,1
DA:11,1
DA:12,1
LF:5
LH:5
BRF:0
BRH:0
end_of_record
TN:
SF:src\database\client.ts
FN:3,(anonymous_0)
FN:6,DBClient
FN:10,(anonymous_2)
FNF:3
FNH:3
FNDA:1,(anonymous_0)
FNDA:1,DBClient
FNDA:4,(anonymous_2)
DA:1,1
DA:3,1
DA:7,1
DA:10,1
DA:11,4
DA:12,1
DA:14,4
DA:16,1
DA:18,1
LF:9
LH:9
BRDA:11,0,0,1
BRDA:11,0,1,3
BRF:2
BRH:2
end_of_record
TN:
SF:src\users\auth.ts
FN:19,(anonymous_0)
FN:35,(anonymous_1)
FN:35,(anonymous_2)
FN:81,(anonymous_4)
FN:81,(anonymous_5)
FNF:5
FNH:5
FNDA:3,(anonymous_0)
FNDA:7,(anonymous_1)
FNDA:7,(anonymous_2)
FNDA:2,(anonymous_4)
FNDA:2,(anonymous_5)
DA:1,1
DA:2,1
DA:3,1
DA:5,1
DA:6,1
DA:7,0
DA:11,0
DA:14,1
DA:16,1
DA:17,1
DA:19,1
DA:23,3
DA:32,3
DA:35,7
DA:37,7
DA:38,7
DA:39,2
DA:42,5
DA:43,1
DA:49,4
DA:52,4
DA:53,1
DA:56,3
DA:58,3
DA:59,3
DA:61,3
DA:62,1
DA:67,2
DA:71,2
DA:74,0
DA:75,0
DA:81,2
DA:83,2
DA:87,2
DA:89,1
DA:90,1
DA:92,2
DA:96,0
DA:100,2
DA:101,0
DA:107,2
DA:112,1
LF:42
LH:36
BRDA:6,0,0,0
BRDA:6,0,1,1
BRDA:38,1,0,2
BRDA:38,1,1,5
BRDA:42,2,0,1
BRDA:42,2,1,4
BRDA:52,3,0,1
BRDA:52,3,1,3
BRDA:61,4,0,1
BRDA:61,4,1,2
BRDA:100,5,0,0
BRDA:100,5,1,2
BRF:12
BRH:10
end_of_record
TN:
SF:src\users\index.ts
FNF:0
FNH:0
DA:1,1
DA:2,1
DA:3,1
DA:4,1
DA:6,1
DA:8,1
DA:9,1
DA:10,1
DA:12,1
LF:9
LH:9
BRF:0
BRH:0
end_of_record
TN:
SF:src\users\profile.ts
FN:11,(anonymous_0)
FN:11,(anonymous_1)
FN:97,(anonymous_3)
FN:97,(anonymous_4)
FNF:4
FNH:4
FNDA:10,(anonymous_0)
FNDA:10,(anonymous_1)
FNDA:1,(anonymous_3)
FNDA:1,(anonymous_4)
DA:1,1
DA:2,1
DA:3,1
DA:4,1
DA:6,1
DA:8,1
DA:11,10
DA:12,10
DA:14,10
DA:17,10
DA:18,1
DA:21,9
DA:22,1
DA:27,8
DA:28,1
DA:33,7
DA:34,1
DA:35,1
DA:41,6
DA:42,1
DA:44,5
DA:45,1
DA:50,4
DA:51,1
DA:55,3
DA:56,2
DA:64,2
DA:84,1
DA:86,0
DA:87,0
DA:94,1
DA:97,1
DA:101,1
DA:105,1
DA:109,1
DA:110,0
DA:112,1
DA:113,1
DA:124,1
DA:133,0
DA:134,0
DA:142,1
LF:42
LH:37
BRDA:17,0,0,1
BRDA:17,0,1,9
BRDA:21,1,0,1
BRDA:21,1,1,8
BRDA:27,2,0,1
BRDA:27,2,1,7
BRDA:33,3,0,1
BRDA:33,3,1,6
BRDA:33,4,0,0
BRDA:33,4,1,7
BRDA:33,5,0,7
BRDA:33,5,1,7
BRDA:34,6,0,1
BRDA:34,6,1,0
BRDA:41,7,0,1
BRDA:41,7,1,5
BRDA:44,8,0,1
BRDA:44,8,1,4
BRDA:50,9,0,1
BRDA:50,9,1,3
BRDA:55,10,0,2
BRDA:55,10,1,1
BRDA:109,11,0,0
BRDA:109,11,1,1
BRDA:125,12,0,0
BRDA:125,12,1,1
BRDA:125,13,0,1
BRDA:125,13,1,1
BRDA:126,14,0,0
BRDA:126,14,1,1
BRDA:126,15,0,1
BRDA:126,15,1,1
BRDA:127,16,0,0
BRDA:127,16,1,1
BRDA:127,17,0,1
BRDA:127,17,1,1
BRDA:128,18,0,0
BRDA:128,18,1,1
BRDA:128,19,0,1
BRDA:128,19,1,1
BRDA:129,20,0,0
BRDA:129,20,1,1
BRDA:129,21,0,1
BRDA:129,21,1,1
BRDA:130,22,0,0
BRDA:130,22,1,1
BRDA:130,23,0,1
BRDA:130,23,1,1
BRF:48
BRH:39
end_of_record
TN:
SF:src\users\quote.ts
FN:11,(anonymous_0)
FN:11,(anonymous_1)
FN:100,(anonymous_3)
FN:100,(anonymous_4)
FNF:4
FNH:0
FNDA:0,(anonymous_0)
FNDA:0,(anonymous_1)
FNDA:0,(anonymous_3)
FNDA:0,(anonymous_4)
DA:1,1
DA:2,1
DA:3,1
DA:4,1
DA:6,1
DA:8,1
DA:11,0
DA:12,0
DA:14,0
DA:15,0
DA:16,0
DA:19,0
DA:20,0
DA:26,0
DA:29,0
DA:32,0
DA:33,0
DA:40,0
DA:45,0
DA:47,0
DA:49,0
DA:51,0
DA:53,0
DA:54,0
DA:56,0
DA:58,0
DA:61,0
DA:75,0
DA:78,0
DA:79,0
DA:89,0
DA:97,1
DA:100,0
DA:101,0
DA:104,0
DA:116,0
DA:121,0
DA:129,1
LF:38
LH:8
BRDA:19,0,0,0
BRDA:19,0,1,0
BRDA:19,1,0,0
BRDA:19,1,1,0
BRDA:32,2,0,0
BRDA:32,2,1,0
BRDA:45,3,0,0
BRDA:45,3,1,0
BRDA:47,4,0,0
BRDA:47,4,1,0
BRDA:49,5,0,0
BRDA:49,5,1,0
BRF:12
BRH:0
end_of_record
TN:
SF:src\utils\auth.ts
FN:8,(anonymous_0)
FN:10,(anonymous_1)
FN:10,(anonymous_2)
FNF:3
FNH:3
FNDA:1,(anonymous_0)
FNDA:13,(anonymous_1)
FNDA:13,(anonymous_2)
DA:1,1
DA:2,1
DA:3,1
DA:5,1
DA:8,1
DA:9,1
DA:10,13
DA:12,13
DA:15,12
DA:16,11
DA:18,1
DA:21,1
LF:12
LH:12
BRDA:15,0,0,11
BRDA:15,0,1,1
BRF:2
BRH:2
end_of_record
